<?xml version="1.0" encoding="UTF-8"?>
<!-- Generated by org.testng.reporters.JUnitReportReporter -->
<testsuite hostname="DESKTOP-RGSMTQS" failures="0" tests="1" name="com.example.tests.CT01ValidarRedirecionamentoTest" time="11.259" errors="0" timestamp="2022-03-13T22:16:34 BRT" skipped="0">
  <testcase classname="com.example.tests.CT01ValidarRedirecionamentoTest" name="cT01ValidarRedirecionamento" time="11.259"/>
  <system-out/>
</testsuite> <!-- com.example.tests.CT01ValidarRedirecionamentoTest -->
