<?xml version="1.0" encoding="UTF-8"?>
<!-- Generated by org.testng.reporters.JUnitReportReporter -->
<testsuite hostname="DESKTOP-RGSMTQS" failures="0" tests="1" name="com.example.tests.CT02ValidarOrdenacaoTest" time="15.805" errors="0" timestamp="2022-03-13T22:18:00 BRT" skipped="0">
  <testcase classname="com.example.tests.CT02ValidarOrdenacaoTest" name="cT02ValidarOrdenacao" time="15.805"/>
  <system-out/>
</testsuite> <!-- com.example.tests.CT02ValidarOrdenacaoTest -->
