<?xml version="1.0" encoding="UTF-8"?>
<!-- Generated by org.testng.reporters.JUnitReportReporter -->
<testsuite hostname="DESKTOP-RGSMTQS" failures="0" tests="1" name="com.example.tests.CT03SelecionarItemTest" time="13.124" errors="0" timestamp="2022-03-13T22:19:33 BRT" skipped="0">
  <testcase classname="com.example.tests.CT03SelecionarItemTest" name="cT03SelecionarItem" time="13.124"/>
  <system-out/>
</testsuite> <!-- com.example.tests.CT03SelecionarItemTest -->
