<?xml version="1.0" encoding="UTF-8"?>
<!-- Generated by org.testng.reporters.JUnitReportReporter -->
<testsuite hostname="DESKTOP-RGSMTQS" failures="0" tests="1" name="com.example.tests.CT04AdicionarCarrinhoTest" time="16.935" errors="0" timestamp="2022-03-13T22:21:01 BRT" skipped="0">
  <testcase classname="com.example.tests.CT04AdicionarCarrinhoTest" name="cT04AdicionarCarrinho" time="16.935"/>
  <system-out/>
</testsuite> <!-- com.example.tests.CT04AdicionarCarrinhoTest -->
