<?xml version="1.0" encoding="UTF-8"?>
<!-- Generated by org.testng.reporters.JUnitReportReporter -->
<testsuite hostname="DESKTOP-RGSMTQS" failures="0" tests="1" name="com.example.tests.CT05ProcederCheckoutTest" time="25.037" errors="0" timestamp="2022-03-13T22:21:59 BRT" skipped="0">
  <testcase classname="com.example.tests.CT05ProcederCheckoutTest" name="cT04AdicionarCarrinho" time="25.037"/>
  <system-out/>
</testsuite> <!-- com.example.tests.CT05ProcederCheckoutTest -->
